<?xml version="1.0" encoding="UTF-8"?>
<coverage generated="1776202022385" clover="3.2.0">
  <project timestamp="1776202022385" name="All files">
    <metrics statements="28" coveredstatements="27" conditionals="29" coveredconditionals="27" methods="3" coveredmethods="3" elements="60" coveredelements="57" complexity="0" loc="28" ncloc="28" packages="1" files="1" classes="1"/>
    <file name="utils.js" path="/workspaces/agenda-uemg-qa/src/js/utils.js">
      <metrics statements="28" coveredstatements="27" conditionals="29" coveredconditionals="27" methods="3" coveredmethods="3"/>
      <line num="5" count="1" type="stmt"/>
      <line num="6" count="6" type="cond" truecount="2" falsecount="0"/>
      <line num="8" count="4" type="stmt"/>
      <line num="9" count="4" type="stmt"/>
      <line num="12" count="4" type="stmt"/>
      <line num="13" count="4" type="stmt"/>
      <line num="15" count="4" type="stmt"/>
      <line num="21" count="1" type="stmt"/>
      <line num="22" count="7" type="stmt"/>
      <line num="23" count="7" type="cond" truecount="5" falsecount="0"/>
      <line num="24" count="3" type="stmt"/>
      <line num="25" count="4" type="cond" truecount="2" falsecount="0"/>
      <line num="26" count="2" type="stmt"/>
      <line num="28" count="2" type="stmt"/>
      <line num="35" count="1" type="stmt"/>
      <line num="37" count="6" type="cond" truecount="4" falsecount="0"/>
      <line num="38" count="1" type="stmt"/>
      <line num="40" count="5" type="cond" truecount="4" falsecount="0"/>
      <line num="41" count="1" type="stmt"/>
      <line num="43" count="4" type="cond" truecount="1" falsecount="1"/>
      <line num="44" count="0" type="stmt"/>
      <line num="46" count="4" type="cond" truecount="2" falsecount="0"/>
      <line num="47" count="1" type="stmt"/>
      <line num="51" count="3" type="cond" truecount="4" falsecount="0"/>
      <line num="52" count="1" type="stmt"/>
      <line num="56" count="2" type="cond" truecount="2" falsecount="0"/>
      <line num="57" count="1" type="stmt"/>
      <line num="61" count="1" type="stmt"/>
    </file>
  </project>
</coverage>
