{"/home/runner/work/agenda-uemg-qa/agenda-uemg-qa/src/js/utils.js": {"path":"/home/runner/work/agenda-uemg-qa/agenda-uemg-qa/src/js/utils.js","statementMap":{"0":{"start":{"line":5,"column":34},"end":{"line":16,"column":1}},"1":{"start":{"line":6,"column":4},"end":{"line":6,"column":34}},"2":{"start":{"line":6,"column":21},"end":{"line":6,"column":34}},"3":{"start":{"line":8,"column":22},"end":{"line":8,"column":42}},"4":{"start":{"line":9,"column":18},"end":{"line":9,"column":28}},"5":{"start":{"line":12,"column":4},"end":{"line":12,"column":31}},"6":{"start":{"line":13,"column":4},"end":{"line":13,"column":27}},"7":{"start":{"line":15,"column":4},"end":{"line":15,"column":29}},"8":{"start":{"line":21,"column":41},"end":{"line":29,"column":1}},"9":{"start":{"line":22,"column":27},"end":{"line":22,"column":53}},"10":{"start":{"line":23,"column":4},"end":{"line":27,"column":5}},"11":{"start":{"line":24,"column":8},"end":{"line":24,"column":60}},"12":{"start":{"line":25,"column":11},"end":{"line":27,"column":5}},"13":{"start":{"line":26,"column":8},"end":{"line":26,"column":51}},"14":{"start":{"line":28,"column":4},"end":{"line":28,"column":17}},"15":{"start":{"line":35,"column":32},"end":{"line":52,"column":1}},"16":{"start":{"line":36,"column":4},"end":{"line":36,"column":83}},"17":{"start":{"line":36,"column":41},"end":{"line":36,"column":83}},"18":{"start":{"line":37,"column":4},"end":{"line":37,"column":72}},"19":{"start":{"line":37,"column":22},"end":{"line":37,"column":72}},"20":{"start":{"line":38,"column":4},"end":{"line":38,"column":74}},"21":{"start":{"line":38,"column":23},"end":{"line":38,"column":74}},"22":{"start":{"line":39,"column":4},"end":{"line":39,"column":88}},"23":{"start":{"line":39,"column":18},"end":{"line":39,"column":88}},"24":{"start":{"line":41,"column":4},"end":{"line":43,"column":5}},"25":{"start":{"line":42,"column":8},"end":{"line":42,"column":71}},"26":{"start":{"line":45,"column":4},"end":{"line":51,"column":6}}},"fnMap":{"0":{"name":"(anonymous_0)","decl":{"start":{"line":5,"column":34},"end":{"line":5,"column":35}},"loc":{"start":{"line":5,"column":50},"end":{"line":16,"column":1}},"line":5},"1":{"name":"(anonymous_1)","decl":{"start":{"line":21,"column":41},"end":{"line":21,"column":42}},"loc":{"start":{"line":21,"column":58},"end":{"line":29,"column":1}},"line":21},"2":{"name":"(anonymous_2)","decl":{"start":{"line":35,"column":32},"end":{"line":35,"column":33}},"loc":{"start":{"line":35,"column":91},"end":{"line":52,"column":1}},"line":35}},"branchMap":{"0":{"loc":{"start":{"line":6,"column":4},"end":{"line":6,"column":34}},"type":"if","locations":[{"start":{"line":6,"column":4},"end":{"line":6,"column":34}},{"start":{},"end":{}}],"line":6},"1":{"loc":{"start":{"line":23,"column":4},"end":{"line":27,"column":5}},"type":"if","locations":[{"start":{"line":23,"column":4},"end":{"line":27,"column":5}},{"start":{"line":25,"column":11},"end":{"line":27,"column":5}}],"line":23},"2":{"loc":{"start":{"line":25,"column":11},"end":{"line":27,"column":5}},"type":"if","locations":[{"start":{"line":25,"column":11},"end":{"line":27,"column":5}},{"start":{},"end":{}}],"line":25},"3":{"loc":{"start":{"line":36,"column":4},"end":{"line":36,"column":83}},"type":"if","locations":[{"start":{"line":36,"column":4},"end":{"line":36,"column":83}},{"start":{},"end":{}}],"line":36},"4":{"loc":{"start":{"line":36,"column":8},"end":{"line":36,"column":39}},"type":"binary-expr","locations":[{"start":{"line":36,"column":8},"end":{"line":36,"column":15}},{"start":{"line":36,"column":19},"end":{"line":36,"column":39}}],"line":36},"5":{"loc":{"start":{"line":37,"column":4},"end":{"line":37,"column":72}},"type":"if","locations":[{"start":{"line":37,"column":4},"end":{"line":37,"column":72}},{"start":{},"end":{}}],"line":37},"6":{"loc":{"start":{"line":38,"column":4},"end":{"line":38,"column":74}},"type":"if","locations":[{"start":{"line":38,"column":4},"end":{"line":38,"column":74}},{"start":{},"end":{}}],"line":38},"7":{"loc":{"start":{"line":39,"column":4},"end":{"line":39,"column":88}},"type":"if","locations":[{"start":{"line":39,"column":4},"end":{"line":39,"column":88}},{"start":{},"end":{}}],"line":39},"8":{"loc":{"start":{"line":41,"column":4},"end":{"line":43,"column":5}},"type":"if","locations":[{"start":{"line":41,"column":4},"end":{"line":43,"column":5}},{"start":{},"end":{}}],"line":41},"9":{"loc":{"start":{"line":47,"column":19},"end":{"line":47,"column":52}},"type":"cond-expr","locations":[{"start":{"line":47,"column":31},"end":{"line":47,"column":47}},{"start":{"line":47,"column":50},"end":{"line":47,"column":52}}],"line":47}},"s":{"0":1,"1":7,"2":3,"3":4,"4":4,"5":4,"6":4,"7":4,"8":1,"9":0,"10":0,"11":0,"12":0,"13":0,"14":0,"15":1,"16":3,"17":1,"18":2,"19":0,"20":2,"21":0,"22":2,"23":0,"24":2,"25":1,"26":1},"f":{"0":7,"1":0,"2":3},"b":{"0":[3,4],"1":[0,0],"2":[0,0],"3":[1,2],"4":[3,2],"5":[0,2],"6":[0,2],"7":[0,2],"8":[1,1],"9":[1,0]},"_coverageSchema":"1a1c01bbd47fc00a2c39e90264f33305004495a9","hash":"f1c84b8e3df3df95e4fbb034a39945850f29c736"}
}
