TN:
SF:src/js/utils.js
FN:5,(anonymous_0)
FN:21,(anonymous_1)
FN:35,(anonymous_2)
FNF:3
FNH:2
FNDA:7,(anonymous_0)
FNDA:0,(anonymous_1)
FNDA:3,(anonymous_2)
DA:5,1
DA:6,7
DA:8,4
DA:9,4
DA:12,4
DA:13,4
DA:15,4
DA:21,1
DA:22,0
DA:23,0
DA:24,0
DA:25,0
DA:26,0
DA:28,0
DA:35,1
DA:36,3
DA:37,2
DA:38,2
DA:39,2
DA:41,2
DA:42,1
DA:45,1
LF:22
LH:16
BRDA:6,0,0,3
BRDA:6,0,1,4
BRDA:23,1,0,0
BRDA:23,1,1,0
BRDA:25,2,0,0
BRDA:25,2,1,0
BRDA:36,3,0,1
BRDA:36,3,1,2
BRDA:36,4,0,3
BRDA:36,4,1,2
BRDA:37,5,0,0
BRDA:37,5,1,2
BRDA:38,6,0,0
BRDA:38,6,1,2
BRDA:39,7,0,0
BRDA:39,7,1,2
BRDA:41,8,0,1
BRDA:41,8,1,1
BRDA:47,9,0,1
BRDA:47,9,1,0
BRF:20
BRH:12
end_of_record
