TN:
SF:src/js/utils.js
FN:5,(anonymous_0)
FN:21,(anonymous_1)
FN:35,(anonymous_2)
FNF:3
FNH:3
FNDA:6,(anonymous_0)
FNDA:7,(anonymous_1)
FNDA:6,(anonymous_2)
DA:5,1
DA:6,6
DA:8,4
DA:9,4
DA:12,4
DA:13,4
DA:15,4
DA:21,1
DA:22,7
DA:23,7
DA:24,3
DA:25,4
DA:26,2
DA:28,2
DA:35,1
DA:37,6
DA:38,1
DA:40,5
DA:41,1
DA:43,4
DA:44,0
DA:46,4
DA:47,1
DA:51,3
DA:52,1
DA:56,2
DA:57,1
DA:61,1
LF:28
LH:27
BRDA:6,0,0,2
BRDA:6,0,1,4
BRDA:23,1,0,3
BRDA:23,1,1,4
BRDA:23,2,0,7
BRDA:23,2,1,5
BRDA:23,2,2,4
BRDA:25,3,0,2
BRDA:25,3,1,2
BRDA:37,4,0,1
BRDA:37,4,1,5
BRDA:37,5,0,6
BRDA:37,5,1,5
BRDA:40,6,0,1
BRDA:40,6,1,4
BRDA:40,7,0,5
BRDA:40,7,1,4
BRDA:43,8,0,0
BRDA:43,8,1,4
BRDA:46,9,0,1
BRDA:46,9,1,3
BRDA:51,10,0,1
BRDA:51,10,1,2
BRDA:51,11,0,3
BRDA:51,11,1,2
BRDA:56,12,0,1
BRDA:56,12,1,1
BRDA:64,13,0,1
BRDA:64,13,1,0
BRF:29
BRH:27
end_of_record
